<?xml version="1.0" encoding="UTF-8"?>
<!-- Generated by org.testng.reporters.JUnitReportReporter -->
<testsuite hostname="IN-L1325" name="com.yukthitech.papilio.mongo.TMongoDb" tests="2" failures="0" timestamp="5 Dec 2019 13:59:28 GMT" time="1.429" errors="0">
  <testcase name="testReexecute" time="0.066" classname="com.yukthitech.papilio.mongo.TMongoDb"/>
  <testcase name="testBasicWorking" time="1.363" classname="com.yukthitech.papilio.mongo.TMongoDb"/>
</testsuite> <!-- com.yukthitech.papilio.mongo.TMongoDb -->
